[2025-06-17 21:27:58] [INFO] Logging system initialized
[2025-06-17 21:30:39] [INFO] Logging system initialized
[2025-06-17 21:31:03] [INFO] API configuration updated for sandbox environment
[2025-06-17 21:31:18] [INFO] API configuration updated for sandbox environment
[2025-06-17 21:31:22] [INFO] Balance check initiated
[2025-06-17 21:31:31] [INFO] API connection test successful
[2025-06-17 21:39:53] [ERROR] Failed to create payout link token for alexjkal@gmail.com
[2025-06-17 21:40:09] [INFO] Application exited by user
[2025-06-17 21:40:52] [INFO] Logging system initialized
[2025-06-17 21:40:56] [INFO] Balance check initiated
[2025-06-17 21:41:02] [INFO] Balance check initiated
[2025-06-17 21:41:09] [INFO] Balance check initiated
[2025-06-17 21:41:11] [INFO] Balance check initiated
[2025-06-17 21:42:16] [INFO] Balance check initiated
[2025-06-17 21:43:33] [INFO] Application exited by user
[2025-06-17 21:47:08] [INFO] Logging system initialized
[2025-06-17 21:47:43] [ERROR] Failed to create payout link token for alexjkal@gmail.com
[2025-06-17 21:48:39] [INFO] Logging system initialized
[2025-06-17 21:48:49] [INFO] API configuration updated for sandbox environment
[2025-06-17 21:49:17] [ERROR] Failed to create payout link token for alexjkal@gmail.com
[2025-06-17 21:55:04] [INFO] Logging system initialized
[2025-06-17 21:55:16] [INFO] API configuration updated for sandbox environment
[2025-06-17 21:55:20] [INFO] Balance check initiated
[2025-06-17 21:55:27] [INFO] API connection test successful
[2025-06-17 21:55:57] [ERROR] Failed to create payout link token for alexjkal@gmail.clm: 
[2025-06-17 21:57:10] [ERROR] Failed to create payout link token for alexjkal@gmail.com: 
[2025-06-17 21:58:22] [INFO] API configuration updated for sandbox environment
[2025-06-17 21:58:26] [INFO] Balance check initiated
[2025-06-17 22:01:10] [INFO] Logging system initialized
[2025-06-17 22:03:14] [INFO] API configuration updated for sandbox environment
[2025-06-17 22:04:14] [ERROR] Failed to create payout link token for alexjkal@gmail.com
[2025-06-17 22:05:17] [INFO] Logging system initialized
[2025-06-17 22:05:21] [INFO] API connection test successful
[2025-06-17 22:06:17] [INFO] Balance check initiated
[2025-06-17 22:06:42] [INFO] Payout logged: alexjkal@gmail.com - 50 USDC (INITIATED)
[2025-06-17 22:13:42] [INFO] Payout logged: alexjkal@gmail.com - 50 USDC (INITIATED)
