[2025-06-17 21:27:58] [INFO] Logging system initialized
[2025-06-17 21:30:39] [INFO] Logging system initialized
[2025-06-17 21:31:03] [INFO] API configuration updated for sandbox environment
[2025-06-17 21:31:18] [INFO] API configuration updated for sandbox environment
[2025-06-17 21:31:22] [INFO] Balance check initiated
[2025-06-17 21:31:31] [INFO] API connection test successful
[2025-06-17 21:39:53] [ERROR] Failed to create payout link token for alexjkal@gmail.com
[2025-06-17 21:40:09] [INFO] Application exited by user
[2025-06-17 21:40:52] [INFO] Logging system initialized
[2025-06-17 21:40:56] [INFO] Balance check initiated
[2025-06-17 21:41:02] [INFO] Balance check initiated
[2025-06-17 21:41:09] [INFO] Balance check initiated
[2025-06-17 21:41:11] [INFO] Balance check initiated
[2025-06-17 21:42:16] [INFO] Balance check initiated
[2025-06-17 21:43:33] [INFO] Application exited by user
[2025-06-17 21:47:08] [INFO] Logging system initialized
[2025-06-17 21:47:43] [ERROR] Failed to create payout link token for alexjkal@gmail.com
[2025-06-17 21:48:39] [INFO] Logging system initialized
[2025-06-17 21:48:49] [INFO] API configuration updated for sandbox environment
[2025-06-17 21:49:17] [ERROR] Failed to create payout link token for alexjkal@gmail.com
[2025-06-17 21:55:04] [INFO] Logging system initialized
[2025-06-17 21:55:16] [INFO] API configuration updated for sandbox environment
[2025-06-17 21:55:20] [INFO] Balance check initiated
[2025-06-17 21:55:27] [INFO] API connection test successful
[2025-06-17 21:55:57] [ERROR] Failed to create payout link token for alexjkal@gmail.clm: 
[2025-06-17 21:57:10] [ERROR] Failed to create payout link token for alexjkal@gmail.com: 
[2025-06-17 21:58:22] [INFO] API configuration updated for sandbox environment
[2025-06-17 21:58:26] [INFO] Balance check initiated
[2025-06-17 22:01:10] [INFO] Logging system initialized
[2025-06-17 22:03:14] [INFO] API configuration updated for sandbox environment
[2025-06-17 22:04:14] [ERROR] Failed to create payout link token for alexjkal@gmail.com
[2025-06-17 22:05:17] [INFO] Logging system initialized
[2025-06-17 22:05:21] [INFO] API connection test successful
[2025-06-17 22:06:17] [INFO] Balance check initiated
[2025-06-17 22:06:42] [INFO] Payout logged: alexjkal@gmail.com - 50 USDC (INITIATED)
[2025-06-17 22:13:42] [INFO] Payout logged: alexjkal@gmail.com - 50 USDC (INITIATED)
[2025-06-17 22:56:39] [INFO] Logging system initialized
[2025-06-17 22:57:21] [INFO] Payout logged: test.employee@company.com - 100.00 USDC (INITIATED)
[2025-06-17 23:01:36] [INFO] Logging system initialized
[2025-06-17 23:01:47] [INFO] API configuration updated for sandbox environment
[2025-06-17 23:01:51] [INFO] API connection test successful
[2025-06-17 23:02:19] [INFO] Payout logged: alexjkal@gmail.com - 50 USDC (INITIATED)
[2025-06-17 23:07:54] [INFO] Logging system initialized
[2025-06-17 23:08:16] [INFO] Payout logged: alexjkal@gmail.com - 50 USDC (INITIATED)
[2025-06-17 23:12:25] [INFO] Payout logged: test.employee@company.com - 100.00 USDC (INITIATED)
[2025-06-17 23:16:16] [INFO] Logging system initialized
[2025-06-17 23:16:21] [INFO] API connection test successful
[2025-06-17 23:16:41] [INFO] Payout logged: alexjkal@gmail.com - 50 USDC (INITIATED)
[2025-06-17 23:20:52] [INFO] API configuration updated for sandbox environment
[2025-06-17 23:21:15] [INFO] Payout logged: alexjkal@gmail.com - 50 USDC (INITIATED)
[2025-06-17 23:25:31] [INFO] Logging system initialized
[2025-06-17 23:25:34] [INFO] API connection test successful
[2025-06-17 23:25:56] [INFO] Payout logged: alexjkal@gmail.com - 50 USDC (INITIATED)
[2025-06-17 23:28:46] [INFO] Payout logged: alexjkal@gmail.com - 50 USDC (INITIATED)
[2025-06-17 23:35:33] [INFO] Payout logged: alexjkal@gmail.com - 50 USDC (INITIATED)
[2025-06-17 23:37:35] [INFO] Logging system initialized
[2025-06-17 23:39:05] [INFO] Payout logged: alexjkal@gmail.com - 50 USDC (INITIATED)
[2025-06-17 23:41:51] [INFO] Payout logged: alexjkal@gmail.com - 50 USDC (INITIATED)
[2025-06-17 23:44:38] [INFO] Payout logged: test.employee@company.com - 100.00 USDC (INITIATED)
[2025-06-17 23:46:54] [INFO] Logging system initialized
[2025-06-17 23:51:08] [INFO] Payout logged: test.employee@company.com - 100.00 USDC (INITIATED)
[2025-06-17 23:51:42] [INFO] Logging system initialized
[2025-06-17 23:52:17] [INFO] Payout logged: alexjkal@gmail.com - 50 USDC (INITIATED)
[2025-06-17 23:52:57] [INFO] Logging system initialized
[2025-06-17 23:53:13] [INFO] Logging system initialized
[2025-06-17 23:53:36] [ERROR] Failed to create payout link token for alexjkal@gmail.com: {"status":"badRequest","message":"One or more validation errors occurred.The JSON value could not be converted to System.Guid. Path: $.transferOptions.toAddresses[0].networkId | LineNumber: 14 | BytePositionInLine: 31.","errorType":"invalidField"}
[2025-06-17 23:56:27] [INFO] Payout logged: test.employee@company.com - 100.00 USDC (INITIATED)
[2025-06-17 23:58:07] [INFO] Logging system initialized
[2025-06-17 23:59:23] [ERROR] Failed to create payout link token for alexjkal@gmail.com: {"status":"badRequest","message":"One or more validation errors occurred.The JSON value could not be converted to System.Guid. Path: $.transferOptions.toAddresses[0].networkId | LineNumber: 14 | BytePositionInLine: 31.","errorType":"invalidField"}
[2025-06-17 23:59:29] [INFO] Payout logged: test.employee@company.com - 100.00 USDC (INITIATED)
[2025-06-18 00:00:01] [INFO] Logging system initialized
[2025-06-18 00:00:38] [INFO] Logging system initialized
[2025-06-18 00:00:59] [INFO] Logging system initialized
[2025-06-18 00:02:48] [INFO] Payout logged: test.employee@company.com - 100.00 USDC (INITIATED)
[2025-06-18 00:03:56] [INFO] Logging system initialized
[2025-06-18 00:04:29] [INFO] Payout logged: alexjkal@gmail.com - 50 USDC (INITIATED)
[2025-06-18 00:05:45] [INFO] Payout logged: alexjkal@gmail.com - 50 USDC (INITIATED)
[2025-06-18 00:07:09] [INFO] Payout logged: alexjkal@gmail.com - 50 USDC (INITIATED)
[2025-06-18 00:09:57] [INFO] Logging system initialized
[2025-06-18 00:10:09] [INFO] API configuration updated for sandbox environment
[2025-06-18 00:10:15] [INFO] API connection test successful
[2025-06-18 00:10:40] [INFO] Supported networks retrieved successfully
[2025-06-18 00:11:27] [INFO] Application exited by user
[2025-06-18 00:11:45] [INFO] Payout logged: test.employee@company.com - 100.00 USDC (INITIATED)
[2025-06-18 00:12:43] [INFO] Payout logged: test.employee@company.com - 100.00 USDC (INITIATED)
[2025-06-18 00:14:08] [INFO] Logging system initialized
[2025-06-18 00:59:24] [INFO] Logging system initialized
[2025-06-18 01:00:19] [INFO] Logging system initialized
[2025-06-18 01:00:37] [INFO] Payout logged: alexjkal@gmail.com - 100 USDC (INITIATED)
